2020-01-23 10:14:24,205 [Worker-3: Loading available Gradle versions] INFO  o.e.b.c.i.u.g.PublishedGradleVersions - Gradle version information cache is up-to-date. Trying to read.
2020-01-23 10:14:51,162 [Worker-10: Importing Maven projects] INFO  o.e.m.c.i.l.LifecycleMappingFactory - Using org.eclipse.m2e.jdt.JarLifecycleMapping lifecycle mapping for MavenProject: otf:OTF:0.0.1-SNAPSHOT @ C:\Hospitality\OTF\pom.xml.
2020-01-23 10:14:52,245 [Worker-10: Importing Maven projects] WARN  o.e.m.c.i.embedder.EclipseLogger - The POM for org.eclipse.jetty:jetty-client:jar:9.4.7.v20170914 is invalid, transitive dependencies (if any) will not be available, enable debug logging for more details
2020-01-23 10:14:52,275 [Worker-10: Importing Maven projects] WARN  o.e.m.c.i.embedder.EclipseLogger - The POM for org.eclipse.jetty:jetty-xml:jar:9.4.7.v20170914 is invalid, transitive dependencies (if any) will not be available, enable debug logging for more details
2020-01-23 10:14:52,325 [Worker-10: Importing Maven projects] WARN  o.e.m.c.i.embedder.EclipseLogger - The POM for org.eclipse.jetty.websocket:websocket-api:jar:9.4.7.v20170914 is invalid, transitive dependencies (if any) will not be available, enable debug logging for more details
2020-01-23 10:14:52,332 [Worker-10: Importing Maven projects] WARN  o.e.m.c.i.embedder.EclipseLogger - The POM for org.eclipse.jetty.websocket:websocket-client:jar:9.4.7.v20170914 is invalid, transitive dependencies (if any) will not be available, enable debug logging for more details
2020-01-23 10:14:52,339 [Worker-10: Importing Maven projects] WARN  o.e.m.c.i.embedder.EclipseLogger - The POM for org.eclipse.jetty.websocket:websocket-common:jar:9.4.7.v20170914 is invalid, transitive dependencies (if any) will not be available, enable debug logging for more details
2020-01-23 10:14:53,385 [Worker-10: Importing Maven projects] INFO  o.e.m.j.i.AbstractJavaProjectConfigurator - Adding source folder /OTF/src
2020-01-23 10:14:53,386 [Worker-10: Importing Maven projects] INFO  o.e.m.j.i.AbstractJavaProjectConfigurator - Resources folder /OTF/src/main/resources overlaps with sources folder /OTF/src/main/resources
2020-01-23 10:14:53,388 [Worker-10: Importing Maven projects] INFO  o.e.m.j.i.AbstractJavaProjectConfigurator - Adding source folder /OTF/src/test/java
2020-01-23 10:14:53,390 [Worker-10: Importing Maven projects] INFO  o.e.m.j.i.AbstractJavaProjectConfigurator - Resources folder /OTF/src/test/resources overlaps with sources folder /OTF/src/test/resources
2020-01-23 10:14:56,816 [Worker-11: Building workspace] WARN  o.e.m.c.i.embedder.EclipseLogger - The POM for org.eclipse.jetty:jetty-client:jar:9.4.7.v20170914 is invalid, transitive dependencies (if any) will not be available, enable debug logging for more details
2020-01-23 10:14:56,822 [Worker-11: Building workspace] WARN  o.e.m.c.i.embedder.EclipseLogger - The POM for org.eclipse.jetty:jetty-xml:jar:9.4.7.v20170914 is invalid, transitive dependencies (if any) will not be available, enable debug logging for more details
2020-01-23 10:14:56,850 [Worker-11: Building workspace] WARN  o.e.m.c.i.embedder.EclipseLogger - The POM for org.eclipse.jetty.websocket:websocket-api:jar:9.4.7.v20170914 is invalid, transitive dependencies (if any) will not be available, enable debug logging for more details
2020-01-23 10:14:56,856 [Worker-11: Building workspace] WARN  o.e.m.c.i.embedder.EclipseLogger - The POM for org.eclipse.jetty.websocket:websocket-client:jar:9.4.7.v20170914 is invalid, transitive dependencies (if any) will not be available, enable debug logging for more details
2020-01-23 10:14:56,861 [Worker-11: Building workspace] WARN  o.e.m.c.i.embedder.EclipseLogger - The POM for org.eclipse.jetty.websocket:websocket-common:jar:9.4.7.v20170914 is invalid, transitive dependencies (if any) will not be available, enable debug logging for more details
2020-01-23 10:14:57,188 [Worker-11: Building workspace] INFO  o.e.m.c.i.embedder.EclipseLogger - Using 'UTF-8' encoding to copy filtered resources.
2020-01-23 10:14:57,196 [Worker-11: Building workspace] INFO  o.e.m.c.i.embedder.EclipseLogger - Copying 3 resources
2020-01-23 10:14:57,207 [Worker-11: Building workspace] INFO  o.e.m.c.i.embedder.EclipseLogger - Using 'UTF-8' encoding to copy filtered resources.
2020-01-23 10:14:57,208 [Worker-11: Building workspace] INFO  o.e.m.c.i.embedder.EclipseLogger - Copying 4 resources
2020-01-23 10:15:17,733 [Worker-2: Updating Maven Project] INFO  o.e.m.c.i.p.ProjectConfigurationManager - Update started
2020-01-23 10:15:18,280 [Worker-2: Updating Maven Project] INFO  o.e.m.c.i.l.LifecycleMappingFactory - Using org.eclipse.m2e.jdt.JarLifecycleMapping lifecycle mapping for MavenProject: otf:OTF:0.0.1-SNAPSHOT @ C:\Hospitality\OTF\pom.xml.
2020-01-23 10:15:18,871 [Worker-2: Updating Maven Project] WARN  o.e.m.c.i.embedder.EclipseLogger - The POM for org.eclipse.jetty:jetty-client:jar:9.4.7.v20170914 is invalid, transitive dependencies (if any) will not be available, enable debug logging for more details
2020-01-23 10:15:18,878 [Worker-2: Updating Maven Project] WARN  o.e.m.c.i.embedder.EclipseLogger - The POM for org.eclipse.jetty:jetty-xml:jar:9.4.7.v20170914 is invalid, transitive dependencies (if any) will not be available, enable debug logging for more details
2020-01-23 10:15:18,908 [Worker-2: Updating Maven Project] WARN  o.e.m.c.i.embedder.EclipseLogger - The POM for org.eclipse.jetty.websocket:websocket-api:jar:9.4.7.v20170914 is invalid, transitive dependencies (if any) will not be available, enable debug logging for more details
2020-01-23 10:15:18,913 [Worker-2: Updating Maven Project] WARN  o.e.m.c.i.embedder.EclipseLogger - The POM for org.eclipse.jetty.websocket:websocket-client:jar:9.4.7.v20170914 is invalid, transitive dependencies (if any) will not be available, enable debug logging for more details
2020-01-23 10:15:18,919 [Worker-2: Updating Maven Project] WARN  o.e.m.c.i.embedder.EclipseLogger - The POM for org.eclipse.jetty.websocket:websocket-common:jar:9.4.7.v20170914 is invalid, transitive dependencies (if any) will not be available, enable debug logging for more details
2020-01-23 10:15:19,374 [Worker-2: Updating Maven Project] INFO  o.e.m.j.i.AbstractJavaProjectConfigurator - Adding source folder /OTF/src
2020-01-23 10:15:19,376 [Worker-2: Updating Maven Project] INFO  o.e.m.j.i.AbstractJavaProjectConfigurator - Resources folder /OTF/src/main/resources overlaps with sources folder /OTF/src/main/resources
2020-01-23 10:15:19,380 [Worker-2: Updating Maven Project] INFO  o.e.m.j.i.AbstractJavaProjectConfigurator - Adding source folder /OTF/src/test/java
2020-01-23 10:15:19,380 [Worker-2: Updating Maven Project] INFO  o.e.m.j.i.AbstractJavaProjectConfigurator - Resources folder /OTF/src/test/resources overlaps with sources folder /OTF/src/test/resources
2020-01-23 10:15:19,384 [Worker-2: Updating Maven Project] INFO  o.e.m.c.i.p.ProjectConfigurationManager - Update completed: 1 sec
2020-01-23 10:15:20,329 [Worker-11: Building workspace] WARN  o.e.m.c.i.embedder.EclipseLogger - The POM for org.eclipse.jetty:jetty-client:jar:9.4.7.v20170914 is invalid, transitive dependencies (if any) will not be available, enable debug logging for more details
2020-01-23 10:15:20,334 [Worker-11: Building workspace] WARN  o.e.m.c.i.embedder.EclipseLogger - The POM for org.eclipse.jetty:jetty-xml:jar:9.4.7.v20170914 is invalid, transitive dependencies (if any) will not be available, enable debug logging for more details
2020-01-23 10:15:20,360 [Worker-11: Building workspace] WARN  o.e.m.c.i.embedder.EclipseLogger - The POM for org.eclipse.jetty.websocket:websocket-api:jar:9.4.7.v20170914 is invalid, transitive dependencies (if any) will not be available, enable debug logging for more details
2020-01-23 10:15:20,366 [Worker-11: Building workspace] WARN  o.e.m.c.i.embedder.EclipseLogger - The POM for org.eclipse.jetty.websocket:websocket-client:jar:9.4.7.v20170914 is invalid, transitive dependencies (if any) will not be available, enable debug logging for more details
2020-01-23 10:15:20,370 [Worker-11: Building workspace] WARN  o.e.m.c.i.embedder.EclipseLogger - The POM for org.eclipse.jetty.websocket:websocket-common:jar:9.4.7.v20170914 is invalid, transitive dependencies (if any) will not be available, enable debug logging for more details
2020-01-23 10:15:20,493 [Worker-11: Building workspace] INFO  o.e.m.c.i.embedder.EclipseLogger - Using 'UTF-8' encoding to copy filtered resources.
2020-01-23 10:15:20,497 [Worker-11: Building workspace] INFO  o.e.m.c.i.embedder.EclipseLogger - Copying 3 resources
2020-01-23 10:15:20,506 [Worker-11: Building workspace] INFO  o.e.m.c.i.embedder.EclipseLogger - Using 'UTF-8' encoding to copy filtered resources.
2020-01-23 10:15:20,508 [Worker-11: Building workspace] INFO  o.e.m.c.i.embedder.EclipseLogger - Copying 4 resources
2020-01-23 10:15:32,316 [Worker-3: Building workspace] INFO  o.e.m.c.i.embedder.EclipseLogger - Using 'UTF-8' encoding to copy filtered resources.
2020-01-23 10:15:32,317 [Worker-3: Building workspace] INFO  o.e.m.c.i.embedder.EclipseLogger - Copying 3 resources
2020-01-23 10:15:32,331 [Worker-3: Building workspace] INFO  o.e.m.c.i.embedder.EclipseLogger - Using 'UTF-8' encoding to copy filtered resources.
2020-01-23 10:15:32,331 [Worker-3: Building workspace] INFO  o.e.m.c.i.embedder.EclipseLogger - Copying 4 resources
2020-01-23 10:16:32,131 [Worker-5: Launching Executing clean in C__Hospitality_OTF] INFO  o.e.m.i.launch.MavenLaunchDelegate - C:\Hospitality\OTF
2020-01-23 10:16:32,132 [Worker-5: Launching Executing clean in C__Hospitality_OTF] INFO  o.e.m.i.launch.MavenLaunchDelegate -  mvn -B clean
2020-01-23 10:16:35,075 [Worker-11: Building workspace] INFO  o.e.m.c.i.embedder.EclipseLogger - Using 'UTF-8' encoding to copy filtered resources.
2020-01-23 10:16:35,081 [Worker-11: Building workspace] INFO  o.e.m.c.i.embedder.EclipseLogger - Copying 3 resources
2020-01-23 10:16:35,109 [Worker-11: Building workspace] INFO  o.e.m.c.i.embedder.EclipseLogger - Using 'UTF-8' encoding to copy filtered resources.
2020-01-23 10:16:35,113 [Worker-11: Building workspace] INFO  o.e.m.c.i.embedder.EclipseLogger - Copying 4 resources
2020-01-23 10:16:42,920 [Worker-0: Launching Executing install in C__Hospitality_OTF] INFO  o.e.m.i.launch.MavenLaunchDelegate - C:\Hospitality\OTF
2020-01-23 10:16:42,920 [Worker-0: Launching Executing install in C__Hospitality_OTF] INFO  o.e.m.i.launch.MavenLaunchDelegate -  mvn -B install
2020-01-23 10:16:47,517 [Worker-10: Building workspace] INFO  o.e.m.c.i.embedder.EclipseLogger - Using 'UTF-8' encoding to copy filtered resources.
2020-01-23 10:16:47,518 [Worker-10: Building workspace] INFO  o.e.m.c.i.embedder.EclipseLogger - Copying 0 resource
2020-01-23 10:16:47,519 [Worker-10: Building workspace] INFO  o.e.m.c.i.embedder.EclipseLogger - Using 'UTF-8' encoding to copy filtered resources.
2020-01-23 10:16:47,520 [Worker-10: Building workspace] INFO  o.e.m.c.i.embedder.EclipseLogger - Copying 0 resource
2020-01-23 10:19:52,007 [Worker-5: Updating Maven Project] INFO  o.e.m.c.i.p.ProjectConfigurationManager - Update started
2020-01-23 10:19:53,356 [Worker-5: Updating Maven Project] INFO  o.e.m.c.i.l.LifecycleMappingFactory - Using org.eclipse.m2e.jdt.JarLifecycleMapping lifecycle mapping for MavenProject: otf:OTF:0.0.1-SNAPSHOT @ C:\Hospitality\OTF\pom.xml.
2020-01-23 10:19:55,420 [Worker-5: Updating Maven Project] WARN  o.e.m.c.i.embedder.EclipseLogger - The POM for org.eclipse.jetty:jetty-client:jar:9.4.7.v20170914 is invalid, transitive dependencies (if any) will not be available, enable debug logging for more details
2020-01-23 10:19:55,435 [Worker-5: Updating Maven Project] WARN  o.e.m.c.i.embedder.EclipseLogger - The POM for org.eclipse.jetty:jetty-xml:jar:9.4.7.v20170914 is invalid, transitive dependencies (if any) will not be available, enable debug logging for more details
2020-01-23 10:19:55,510 [Worker-5: Updating Maven Project] WARN  o.e.m.c.i.embedder.EclipseLogger - The POM for org.eclipse.jetty.websocket:websocket-api:jar:9.4.7.v20170914 is invalid, transitive dependencies (if any) will not be available, enable debug logging for more details
2020-01-23 10:19:55,527 [Worker-5: Updating Maven Project] WARN  o.e.m.c.i.embedder.EclipseLogger - The POM for org.eclipse.jetty.websocket:websocket-client:jar:9.4.7.v20170914 is invalid, transitive dependencies (if any) will not be available, enable debug logging for more details
2020-01-23 10:19:55,539 [Worker-5: Updating Maven Project] WARN  o.e.m.c.i.embedder.EclipseLogger - The POM for org.eclipse.jetty.websocket:websocket-common:jar:9.4.7.v20170914 is invalid, transitive dependencies (if any) will not be available, enable debug logging for more details
2020-01-23 10:19:56,691 [Worker-5: Updating Maven Project] INFO  o.e.m.j.i.AbstractJavaProjectConfigurator - Adding source folder /OTF/src
2020-01-23 10:19:56,692 [Worker-5: Updating Maven Project] INFO  o.e.m.j.i.AbstractJavaProjectConfigurator - Resources folder /OTF/src/main/resources overlaps with sources folder /OTF/src/main/resources
2020-01-23 10:19:56,693 [Worker-5: Updating Maven Project] INFO  o.e.m.j.i.AbstractJavaProjectConfigurator - Adding source folder /OTF/src/test/java
2020-01-23 10:19:56,694 [Worker-5: Updating Maven Project] INFO  o.e.m.j.i.AbstractJavaProjectConfigurator - Resources folder /OTF/src/test/resources overlaps with sources folder /OTF/src/test/resources
2020-01-23 10:19:56,699 [Worker-5: Updating Maven Project] INFO  o.e.m.c.i.p.ProjectConfigurationManager - Update completed: 4 sec
2020-01-23 10:19:57,570 [Worker-13: Building workspace] WARN  o.e.m.c.i.embedder.EclipseLogger - The POM for org.eclipse.jetty:jetty-client:jar:9.4.7.v20170914 is invalid, transitive dependencies (if any) will not be available, enable debug logging for more details
2020-01-23 10:19:57,575 [Worker-13: Building workspace] WARN  o.e.m.c.i.embedder.EclipseLogger - The POM for org.eclipse.jetty:jetty-xml:jar:9.4.7.v20170914 is invalid, transitive dependencies (if any) will not be available, enable debug logging for more details
2020-01-23 10:19:57,597 [Worker-13: Building workspace] WARN  o.e.m.c.i.embedder.EclipseLogger - The POM for org.eclipse.jetty.websocket:websocket-api:jar:9.4.7.v20170914 is invalid, transitive dependencies (if any) will not be available, enable debug logging for more details
2020-01-23 10:19:57,601 [Worker-13: Building workspace] WARN  o.e.m.c.i.embedder.EclipseLogger - The POM for org.eclipse.jetty.websocket:websocket-client:jar:9.4.7.v20170914 is invalid, transitive dependencies (if any) will not be available, enable debug logging for more details
2020-01-23 10:19:57,605 [Worker-13: Building workspace] WARN  o.e.m.c.i.embedder.EclipseLogger - The POM for org.eclipse.jetty.websocket:websocket-common:jar:9.4.7.v20170914 is invalid, transitive dependencies (if any) will not be available, enable debug logging for more details
2020-01-23 10:19:57,764 [Worker-13: Building workspace] INFO  o.e.m.c.i.embedder.EclipseLogger - Using 'UTF-8' encoding to copy filtered resources.
2020-01-23 10:19:57,767 [Worker-13: Building workspace] INFO  o.e.m.c.i.embedder.EclipseLogger - Copying 3 resources
2020-01-23 10:19:57,776 [Worker-13: Building workspace] INFO  o.e.m.c.i.embedder.EclipseLogger - Using 'UTF-8' encoding to copy filtered resources.
2020-01-23 10:19:57,777 [Worker-13: Building workspace] INFO  o.e.m.c.i.embedder.EclipseLogger - Copying 4 resources
2020-01-23 10:20:05,308 [Worker-13: Building workspace] INFO  o.e.m.c.i.embedder.EclipseLogger - Using 'UTF-8' encoding to copy filtered resources.
2020-01-23 10:20:05,309 [Worker-13: Building workspace] INFO  o.e.m.c.i.embedder.EclipseLogger - Copying 3 resources
2020-01-23 10:20:05,325 [Worker-13: Building workspace] INFO  o.e.m.c.i.embedder.EclipseLogger - Using 'UTF-8' encoding to copy filtered resources.
2020-01-23 10:20:05,326 [Worker-13: Building workspace] INFO  o.e.m.c.i.embedder.EclipseLogger - Copying 4 resources
2020-01-23 10:20:18,663 [Worker-5: Launching Executing clean in C__Hospitality_OTF] INFO  o.e.m.i.launch.MavenLaunchDelegate - C:\Hospitality\OTF
2020-01-23 10:20:18,663 [Worker-5: Launching Executing clean in C__Hospitality_OTF] INFO  o.e.m.i.launch.MavenLaunchDelegate -  mvn -B clean
2020-01-23 10:20:21,757 [Worker-14: Building workspace] INFO  o.e.m.c.i.embedder.EclipseLogger - Using 'UTF-8' encoding to copy filtered resources.
2020-01-23 10:20:21,760 [Worker-14: Building workspace] INFO  o.e.m.c.i.embedder.EclipseLogger - Copying 3 resources
2020-01-23 10:20:21,778 [Worker-14: Building workspace] INFO  o.e.m.c.i.embedder.EclipseLogger - Using 'UTF-8' encoding to copy filtered resources.
2020-01-23 10:20:21,779 [Worker-14: Building workspace] INFO  o.e.m.c.i.embedder.EclipseLogger - Copying 4 resources
2020-01-23 10:20:31,816 [Worker-1: Launching Executing install in C__Hospitality_OTF] INFO  o.e.m.i.launch.MavenLaunchDelegate - C:\Hospitality\OTF
2020-01-23 10:20:31,816 [Worker-1: Launching Executing install in C__Hospitality_OTF] INFO  o.e.m.i.launch.MavenLaunchDelegate -  mvn -B install
2020-01-23 10:20:36,335 [Worker-12: Building workspace] INFO  o.e.m.c.i.embedder.EclipseLogger - Using 'UTF-8' encoding to copy filtered resources.
2020-01-23 10:20:36,336 [Worker-12: Building workspace] INFO  o.e.m.c.i.embedder.EclipseLogger - Copying 0 resource
2020-01-23 10:20:36,341 [Worker-12: Building workspace] INFO  o.e.m.c.i.embedder.EclipseLogger - Using 'UTF-8' encoding to copy filtered resources.
2020-01-23 10:20:36,342 [Worker-12: Building workspace] INFO  o.e.m.c.i.embedder.EclipseLogger - Copying 0 resource
2020-01-23 10:30:10,026 [Worker-20: Building workspace] INFO  o.e.m.c.i.embedder.EclipseLogger - Using 'UTF-8' encoding to copy filtered resources.
2020-01-23 10:30:10,027 [Worker-20: Building workspace] INFO  o.e.m.c.i.embedder.EclipseLogger - Copying 3 resources
2020-01-23 10:30:10,045 [Worker-20: Building workspace] INFO  o.e.m.c.i.embedder.EclipseLogger - Using 'UTF-8' encoding to copy filtered resources.
2020-01-23 10:30:10,046 [Worker-20: Building workspace] INFO  o.e.m.c.i.embedder.EclipseLogger - Copying 4 resources
2020-01-23 10:40:22,252 [Worker-20: Building workspace] INFO  o.e.m.c.i.embedder.EclipseLogger - Using 'UTF-8' encoding to copy filtered resources.
2020-01-23 10:40:22,252 [Worker-20: Building workspace] INFO  o.e.m.c.i.embedder.EclipseLogger - Copying 0 resource
2020-01-23 10:40:22,280 [Worker-20: Building workspace] INFO  o.e.m.c.i.embedder.EclipseLogger - Using 'UTF-8' encoding to copy filtered resources.
2020-01-23 10:40:22,280 [Worker-20: Building workspace] INFO  o.e.m.c.i.embedder.EclipseLogger - Copying 0 resource
2020-01-23 10:40:34,055 [Worker-24: Building workspace] INFO  o.e.m.c.i.embedder.EclipseLogger - Using 'UTF-8' encoding to copy filtered resources.
2020-01-23 10:40:34,057 [Worker-24: Building workspace] INFO  o.e.m.c.i.embedder.EclipseLogger - Copying 3 resources
2020-01-23 10:40:34,071 [Worker-24: Building workspace] INFO  o.e.m.c.i.embedder.EclipseLogger - Using 'UTF-8' encoding to copy filtered resources.
2020-01-23 10:40:34,071 [Worker-24: Building workspace] INFO  o.e.m.c.i.embedder.EclipseLogger - Copying 4 resources
2020-01-23 10:40:45,339 [Worker-20: Launching Executing clean in C__Hospitality_OTF] INFO  o.e.m.i.launch.MavenLaunchDelegate - C:\Hospitality\OTF
2020-01-23 10:40:45,339 [Worker-20: Launching Executing clean in C__Hospitality_OTF] INFO  o.e.m.i.launch.MavenLaunchDelegate -  mvn -B clean
2020-01-23 10:40:47,860 [Worker-22: Building workspace] INFO  o.e.m.c.i.embedder.EclipseLogger - Using 'UTF-8' encoding to copy filtered resources.
2020-01-23 10:40:47,864 [Worker-22: Building workspace] INFO  o.e.m.c.i.embedder.EclipseLogger - Copying 3 resources
2020-01-23 10:40:47,890 [Worker-22: Building workspace] INFO  o.e.m.c.i.embedder.EclipseLogger - Using 'UTF-8' encoding to copy filtered resources.
2020-01-23 10:40:47,892 [Worker-22: Building workspace] INFO  o.e.m.c.i.embedder.EclipseLogger - Copying 4 resources
2020-01-23 10:40:54,168 [Worker-26: Launching Executing install in C__Hospitality_OTF] INFO  o.e.m.i.launch.MavenLaunchDelegate - C:\Hospitality\OTF
2020-01-23 10:40:54,168 [Worker-26: Launching Executing install in C__Hospitality_OTF] INFO  o.e.m.i.launch.MavenLaunchDelegate -  mvn -B install
2020-01-23 10:41:01,960 [Worker-20: Building workspace] INFO  o.e.m.c.i.embedder.EclipseLogger - Using 'UTF-8' encoding to copy filtered resources.
2020-01-23 10:41:01,963 [Worker-20: Building workspace] INFO  o.e.m.c.i.embedder.EclipseLogger - Copying 3 resources
2020-01-23 10:41:01,966 [Worker-20: Building workspace] INFO  o.e.m.c.i.embedder.EclipseLogger - Using 'UTF-8' encoding to copy filtered resources.
2020-01-23 10:41:01,968 [Worker-20: Building workspace] INFO  o.e.m.c.i.embedder.EclipseLogger - Copying 4 resources
